09:50:18: Creating resource group General
09:50:18: Registering ResourceManager for type Material
09:50:18: Registering ResourceManager for type Mesh
09:50:18: Registering ResourceManager for type Skeleton
09:50:18: Loading library OgrePlatform.dll
09:50:18: OverlayElementFactory for type Panel registered.
09:50:18: OverlayElementFactory for type BorderPanel registered.
09:50:18: OverlayElementFactory for type TextArea registered.
09:50:18: Registering ResourceManager for type Font
09:50:18: ArchiveFactory for archive type FileSystem registered.
09:50:18: ArchiveFactory for archive type Zip registered.
09:50:18: DevIL version: Developer's Image Library (DevIL) 1.6.5
09:50:18: DevIL image formats: bmp dib cut dcx dds gif ico cur jpg jpe jpeg lif mdl mng jng pcx pic pix png pbm pgm pnm ppm psd pdd psp pxr sgi bw rgb rgba tga vda icb vst tif tiff wal xpm raw 
09:50:18: Registering ResourceManager for type HighLevelGpuProgram
09:50:18: An exception has been thrown!

-----------------------------------
Details:
-----------------------------------
Error #: 8
Function: ConfigFile::load
Description: 'plugins.cfg' file not found!. 
File: \Prog\ogrenew\OgreMain\src\OgreConfigFile.cpp
Line: 68
Stack unwinding: <<beginning of stack>>
09:50:18: plugins.cfg not found, automatic plugin loading disabled.
09:50:18: *-*-* OGRE Initialising
09:50:18: *-*-* Version 1.0.0 (Azathoth)
09:50:18: An exception has been thrown!

-----------------------------------
Details:
-----------------------------------
Error #: 8
Function: ConfigFile::load
Description: 'resources.cfg' file not found!. 
File: \Prog\ogrenew\OgreMain\src\OgreConfigFile.cpp
Line: 68
Stack unwinding: <<beginning of stack>>
09:50:18: *-*-* OGRE Shutdown
09:50:18: Unregistering ResourceManager for type Font
09:50:18: Unregistering ResourceManager for type Skeleton
09:50:18: Unregistering ResourceManager for type Mesh
09:50:18: Unregistering ResourceManager for type HighLevelGpuProgram
09:50:18: Unregistering ResourceManager for type Material
09:50:18: Unloading library OgrePlatform.dll
